DEPRECATION WARNING: [] is deprecated and will be removed from Rails 6.2 (Use configs_for) (called from migration_template at (erb):6)
DEPRECATION WARNING: [] is deprecated and will be removed from Rails 6.2 (Use configs_for) (called from migration_template at (erb):6)
DEPRECATION WARNING: [] is deprecated and will be removed from Rails 6.2 (Use configs_for) (called from <main> at /home/oscar/tutor_api/bin/rails:5)
DEPRECATION WARNING: [] is deprecated and will be removed from Rails 6.2 (Use configs_for) (called from <main> at /home/oscar/tutor_api/bin/rails:5)
DEPRECATION WARNING: [] is deprecated and will be removed from Rails 6.2 (Use configs_for) (called from <main> at /home/oscar/tutor_api/bin/rails:5)
DEPRECATION WARNING: [] is deprecated and will be removed from Rails 6.2 (Use configs_for) (called from <main> at /home/oscar/tutor_api/bin/rails:5)
DEPRECATION WARNING: [] is deprecated and will be removed from Rails 6.2 (Use configs_for) (called from <main> at /home/oscar/tutor_api/bin/rails:5)
  [1m[35m (11.9ms)[0m  [1m[34mSELECT sqlite_version(*)[0m
  [1m[35m (3.7ms)[0m  [1m[35mCREATE TABLE "schema_migrations" ("version" varchar NOT NULL PRIMARY KEY)[0m
  [1m[35m (2.7ms)[0m  [1m[35mCREATE TABLE "ar_internal_metadata" ("key" varchar NOT NULL PRIMARY KEY, "value" varchar, "created_at" datetime(6) NOT NULL, "updated_at" datetime(6) NOT NULL)[0m
  [1m[35m (0.3ms)[0m  [1m[34mSELECT "schema_migrations"."version" FROM "schema_migrations" ORDER BY "schema_migrations"."version" ASC[0m
Migrating to DeviseCreateUsers (20210419144112)
  [1m[36mTRANSACTION (0.1ms)[0m  [1m[36mbegin transaction[0m
  [1m[35m (1.4ms)[0m  [1m[35mCREATE TABLE "users" ("id" integer PRIMARY KEY AUTOINCREMENT NOT NULL, "email" varchar DEFAULT '' NOT NULL, "encrypted_password" varchar DEFAULT '' NOT NULL, "reset_password_token" varchar, "reset_password_sent_at" datetime, "remember_created_at" datetime, "created_at" datetime(6) NOT NULL, "updated_at" datetime(6) NOT NULL)[0m
  [1m[35m (0.5ms)[0m  [1m[35mCREATE UNIQUE INDEX "index_users_on_email" ON "users" ("email")[0m
  [1m[35m (0.2ms)[0m  [1m[35mCREATE UNIQUE INDEX "index_users_on_reset_password_token" ON "users" ("reset_password_token")[0m
  [1m[36mActiveRecord::SchemaMigration Create (0.4ms)[0m  [1m[32mINSERT INTO "schema_migrations" ("version") VALUES (?)[0m  [["version", "20210419144112"]]
  [1m[36mTRANSACTION (18.0ms)[0m  [1m[36mcommit transaction[0m
  [1m[36mActiveRecord::InternalMetadata Load (0.5ms)[0m  [1m[34mSELECT "ar_internal_metadata".* FROM "ar_internal_metadata" WHERE "ar_internal_metadata"."key" = ? LIMIT ?[0m  [["key", "environment"], ["LIMIT", 1]]
  [1m[36mTRANSACTION (0.1ms)[0m  [1m[36mbegin transaction[0m
  [1m[36mActiveRecord::InternalMetadata Create (0.9ms)[0m  [1m[32mINSERT INTO "ar_internal_metadata" ("key", "value", "created_at", "updated_at") VALUES (?, ?, ?, ?)[0m  [["key", "environment"], ["value", "development"], ["created_at", "2021-04-19 14:41:24.287142"], ["updated_at", "2021-04-19 14:41:24.287142"]]
  [1m[36mTRANSACTION (2.1ms)[0m  [1m[36mcommit transaction[0m
  [1m[35m (0.0ms)[0m  [1m[34mSELECT sqlite_version(*)[0m
  [1m[35m (0.2ms)[0m  [1m[34mSELECT "schema_migrations"."version" FROM "schema_migrations" ORDER BY "schema_migrations"."version" ASC[0m
  [1m[35m (7.6ms)[0m  [1m[34mSELECT sqlite_version(*)[0m
  [1m[35m (0.3ms)[0m  [1m[34mSELECT "schema_migrations"."version" FROM "schema_migrations" ORDER BY "schema_migrations"."version" ASC[0m
Migrating to AddJtiToUser (20210419144531)
  [1m[36mTRANSACTION (0.1ms)[0m  [1m[36mbegin transaction[0m
  [1m[35m (1.3ms)[0m  [1m[35mALTER TABLE "users" ADD "jti" varchar[0m
  [1m[35m (0.4ms)[0m  [1m[35mCREATE UNIQUE INDEX "index_users_on_jti" ON "users" ("jti")[0m
  [1m[36mActiveRecord::SchemaMigration Create (0.3ms)[0m  [1m[32mINSERT INTO "schema_migrations" ("version") VALUES (?)[0m  [["version", "20210419144531"]]
  [1m[36mTRANSACTION (1.8ms)[0m  [1m[36mcommit transaction[0m
  [1m[36mActiveRecord::InternalMetadata Load (0.4ms)[0m  [1m[34mSELECT "ar_internal_metadata".* FROM "ar_internal_metadata" WHERE "ar_internal_metadata"."key" = ? LIMIT ?[0m  [["key", "environment"], ["LIMIT", 1]]
  [1m[35m (0.1ms)[0m  [1m[34mSELECT sqlite_version(*)[0m
  [1m[35m (0.3ms)[0m  [1m[34mSELECT "schema_migrations"."version" FROM "schema_migrations" ORDER BY "schema_migrations"."version" ASC[0m
Started POST "/signup" for ::1 at 2021-04-19 10:11:56 -0500
  [1m[35m (0.8ms)[0m  [1m[34mSELECT sqlite_version(*)[0m
  [1m[35m (0.4ms)[0m  [1m[34mSELECT "schema_migrations"."version" FROM "schema_migrations" ORDER BY "schema_migrations"."version" ASC[0m
Processing by RegistrationsController#create as */*
Completed 500 Internal Server Error in 86ms (ActiveRecord: 0.0ms | Allocations: 7043)


  
NoMethodError (undefined method `build_resources' for #<RegistrationsController:0x00000000006770>
Did you mean?  build_resource):
  
app/controllers/registrations_controller.rb:4:in `create'
Started POST "/signup" for ::1 at 2021-04-19 10:12:27 -0500
Processing by RegistrationsController#create as */*
  [1m[35m (0.1ms)[0m  [1m[34mSELECT sqlite_version(*)[0m
  ↳ app/controllers/registrations_controller.rb:4:in `create'
Completed 201 Created in 20ms (Views: 0.3ms | ActiveRecord: 2.1ms | Allocations: 6684)


Started POST "/signup" for ::1 at 2021-04-19 10:14:05 -0500
Processing by RegistrationsController#create as */*
Completed 201 Created in 2ms (Views: 0.7ms | ActiveRecord: 0.0ms | Allocations: 583)


  [1m[35m (0.8ms)[0m  [1m[34mSELECT sqlite_version(*)[0m
  [1m[36mUser Load (0.5ms)[0m  [1m[34mSELECT "users".* FROM "users" /* loading for inspect */ LIMIT ?[0m  [["LIMIT", 11]]
Started POST "/signup" for ::1 at 2021-04-19 10:22:21 -0500
Processing by RegistrationsController#create as */*
  [1m[35m (0.1ms)[0m  [1m[34mSELECT sqlite_version(*)[0m
  ↳ app/controllers/registrations_controller.rb:5:in `create'
Completed 201 Created in 5ms (Views: 0.4ms | ActiveRecord: 0.7ms | Allocations: 1043)


  [1m[35m (0.7ms)[0m  [1m[34mSELECT sqlite_version(*)[0m
  [1m[35m (0.3ms)[0m  [1m[34mSELECT "schema_migrations"."version" FROM "schema_migrations" ORDER BY "schema_migrations"."version" ASC[0m
  [1m[36mActiveRecord::InternalMetadata Load (1.0ms)[0m  [1m[34mSELECT "ar_internal_metadata".* FROM "ar_internal_metadata" WHERE "ar_internal_metadata"."key" = ? LIMIT ?[0m  [["key", "environment"], ["LIMIT", 1]]
  [1m[35m (0.1ms)[0m  [1m[34mSELECT sqlite_version(*)[0m
  [1m[35m (0.2ms)[0m  [1m[34mSELECT "schema_migrations"."version" FROM "schema_migrations" ORDER BY "schema_migrations"."version" ASC[0m
Started POST "/signup" for ::1 at 2021-04-19 10:23:07 -0500
  [1m[35m (0.8ms)[0m  [1m[34mSELECT sqlite_version(*)[0m
  [1m[35m (0.3ms)[0m  [1m[34mSELECT "schema_migrations"."version" FROM "schema_migrations" ORDER BY "schema_migrations"."version" ASC[0m
Processing by RegistrationsController#create as */*
Completed 201 Created in 60ms (Views: 0.3ms | ActiveRecord: 1.4ms | Allocations: 9081)


Started POST "/signup" for ::1 at 2021-04-19 10:23:26 -0500
Processing by RegistrationsController#create as */*
Completed 201 Created in 2ms (Views: 0.4ms | ActiveRecord: 0.0ms | Allocations: 589)


Started POST "/signup" for ::1 at 2021-04-19 10:23:37 -0500
Processing by RegistrationsController#create as */*
Completed 201 Created in 2ms (Views: 0.3ms | ActiveRecord: 0.0ms | Allocations: 582)


Started POST "/signup" for ::1 at 2021-04-19 10:25:17 -0500
  [1m[35m (0.9ms)[0m  [1m[34mSELECT sqlite_version(*)[0m
  [1m[35m (0.2ms)[0m  [1m[34mSELECT "schema_migrations"."version" FROM "schema_migrations" ORDER BY "schema_migrations"."version" ASC[0m
Processing by RegistrationsController#create as */*
Completed 201 Created in 19ms (Views: 0.4ms | ActiveRecord: 1.5ms | Allocations: 9081)


Started POST "/signup" for ::1 at 2021-04-19 10:31:08 -0500
Processing by RegistrationsController#create as */*
  [1m[35m (0.1ms)[0m  [1m[34mSELECT sqlite_version(*)[0m
  ↳ app/controllers/registrations_controller.rb:5:in `create'
Completed 201 Created in 11ms (Views: 0.2ms | ActiveRecord: 1.8ms | Allocations: 5711)


Started POST "/signup" for ::1 at 2021-04-19 10:31:23 -0500
Processing by RegistrationsController#create as */*
Completed 201 Created in 2ms (Views: 0.2ms | ActiveRecord: 0.0ms | Allocations: 632)


Started POST "/signup" for ::1 at 2021-04-19 10:31:41 -0500
Processing by RegistrationsController#create as */*
  [1m[35m (0.1ms)[0m  [1m[34mSELECT sqlite_version(*)[0m
  ↳ app/controllers/registrations_controller.rb:6:in `create'
Completed 201 Created in 14ms (Views: 0.2ms | ActiveRecord: 2.7ms | Allocations: 5743)


Started POST "/signup" for ::1 at 2021-04-19 10:39:08 -0500
Processing by RegistrationsController#create as */*
  [1m[35m (0.1ms)[0m  [1m[34mSELECT sqlite_version(*)[0m
  ↳ app/controllers/registrations_controller.rb:6:in `create'
Completed 201 Created in 9ms (Views: 0.2ms | ActiveRecord: 0.5ms | Allocations: 5200)


Started POST "/signup" for ::1 at 2021-04-19 10:39:41 -0500
Processing by RegistrationsController#create as */*
  [1m[35m (0.1ms)[0m  [1m[34mSELECT sqlite_version(*)[0m
  ↳ app/controllers/registrations_controller.rb:6:in `create'
Completed 201 Created in 11ms (Views: 0.2ms | ActiveRecord: 2.2ms | Allocations: 5666)


Started POST "/signup" for ::1 at 2021-04-19 10:40:21 -0500
  [1m[35m (1.2ms)[0m  [1m[34mSELECT sqlite_version(*)[0m
  [1m[35m (0.3ms)[0m  [1m[34mSELECT "schema_migrations"."version" FROM "schema_migrations" ORDER BY "schema_migrations"."version" ASC[0m
Processing by RegistrationsController#create as */*
Completed 201 Created in 18ms (Views: 0.3ms | ActiveRecord: 1.2ms | Allocations: 9136)


Started POST "/signup" for ::1 at 2021-04-19 10:47:55 -0500
  [1m[35m (1.1ms)[0m  [1m[34mSELECT sqlite_version(*)[0m
  [1m[35m (0.4ms)[0m  [1m[34mSELECT "schema_migrations"."version" FROM "schema_migrations" ORDER BY "schema_migrations"."version" ASC[0m
Processing by RegistrationsController#create as */*
Completed 400 Bad Request in 9ms (ActiveRecord: 0.0ms | Allocations: 3213)


  
ActionController::ParameterMissing (param is missing or the value is empty: user
Did you mean?  controller
               action):
  
app/controllers/registrations_controller.rb:11:in `sign_up_params'
app/controllers/registrations_controller.rb:5:in `create'
Started POST "/signup" for ::1 at 2021-04-19 10:50:16 -0500
Processing by RegistrationsController#create as */*
Completed 400 Bad Request in 1ms (Allocations: 356)


  
ActionController::ParameterMissing (param is missing or the value is empty: user
Did you mean?  controller
               action):
  
app/controllers/registrations_controller.rb:11:in `sign_up_params'
app/controllers/registrations_controller.rb:5:in `create'
Started POST "/signup" for ::1 at 2021-04-19 10:50:30 -0500
  [1m[35m (0.8ms)[0m  [1m[34mSELECT sqlite_version(*)[0m
  [1m[35m (0.4ms)[0m  [1m[34mSELECT "schema_migrations"."version" FROM "schema_migrations" ORDER BY "schema_migrations"."version" ASC[0m
Processing by RegistrationsController#create as */*
Completed 400 Bad Request in 8ms (ActiveRecord: 0.0ms | Allocations: 3213)


  
ActionController::ParameterMissing (param is missing or the value is empty: user
Did you mean?  controller
               action):
  
app/controllers/registrations_controller.rb:11:in `sign_up_params'
app/controllers/registrations_controller.rb:5:in `create'
Started POST "/signup" for ::1 at 2021-04-19 10:51:13 -0500
Processing by RegistrationsController#create as */*
Completed 400 Bad Request in 1ms (Allocations: 356)


  
ActionController::ParameterMissing (param is missing or the value is empty: user
Did you mean?  controller
               action):
  
app/controllers/registrations_controller.rb:11:in `sign_up_params'
app/controllers/registrations_controller.rb:5:in `create'
Started POST "/signup" for ::1 at 2021-04-19 10:54:51 -0500
  [1m[35m (0.9ms)[0m  [1m[34mSELECT sqlite_version(*)[0m
  [1m[35m (0.2ms)[0m  [1m[34mSELECT "schema_migrations"."version" FROM "schema_migrations" ORDER BY "schema_migrations"."version" ASC[0m
Processing by RegistrationsController#create as */*
Completed 400 Bad Request in 8ms (ActiveRecord: 0.0ms | Allocations: 3213)


  
ActionController::ParameterMissing (param is missing or the value is empty: sign_up
Did you mean?  action
               controller):
  
app/controllers/registrations_controller.rb:11:in `sign_up_params'
app/controllers/registrations_controller.rb:5:in `create'
Started POST "/signup" for ::1 at 2021-04-19 10:59:23 -0500
Processing by RegistrationsController#create as */*
Completed 400 Bad Request in 1ms (Allocations: 356)


  
ActionController::ParameterMissing (param is missing or the value is empty: user
Did you mean?  controller
               action):
  
app/controllers/registrations_controller.rb:11:in `sign_up_params'
app/controllers/registrations_controller.rb:5:in `create'
Started POST "/signup" for ::1 at 2021-04-19 11:03:24 -0500
  [1m[35m (1.1ms)[0m  [1m[34mSELECT sqlite_version(*)[0m
  [1m[35m (0.2ms)[0m  [1m[34mSELECT "schema_migrations"."version" FROM "schema_migrations" ORDER BY "schema_migrations"."version" ASC[0m
Processing by RegistrationsController#create as */*
Completed 201 Created in 20ms (Views: 0.3ms | ActiveRecord: 1.9ms | Allocations: 9173)


Started POST "/signup" for ::1 at 2021-04-19 11:03:55 -0500
  [1m[35m (1.1ms)[0m  [1m[34mSELECT sqlite_version(*)[0m
  [1m[35m (0.2ms)[0m  [1m[34mSELECT "schema_migrations"."version" FROM "schema_migrations" ORDER BY "schema_migrations"."version" ASC[0m
Processing by RegistrationsController#create as */*
Completed 201 Created in 20ms (Views: 0.5ms | ActiveRecord: 1.7ms | Allocations: 9175)


Started POST "/signup" for ::1 at 2021-04-19 11:05:52 -0500
  [1m[35m (1.1ms)[0m  [1m[34mSELECT sqlite_version(*)[0m
  [1m[35m (0.2ms)[0m  [1m[34mSELECT "schema_migrations"."version" FROM "schema_migrations" ORDER BY "schema_migrations"."version" ASC[0m
Processing by RegistrationsController#create as */*
Completed 500 Internal Server Error in 12ms (ActiveRecord: 0.0ms | Allocations: 2744)


  
NoMethodError (undefined method `configure_sign_up_params' for #<RegistrationsController:0x000000000066f8>
Did you mean?  configure_permitted_parameters):
  
activesupport (6.1.3.1) lib/active_support/callbacks.rb:427:in `block in make_lambda'
activesupport (6.1.3.1) lib/active_support/callbacks.rb:179:in `block (2 levels) in halting_and_conditional'
actionpack (6.1.3.1) lib/abstract_controller/callbacks.rb:34:in `block (2 levels) in <module:Callbacks>'
activesupport (6.1.3.1) lib/active_support/callbacks.rb:180:in `block in halting_and_conditional'
activesupport (6.1.3.1) lib/active_support/callbacks.rb:512:in `block in invoke_before'
activesupport (6.1.3.1) lib/active_support/callbacks.rb:512:in `each'
activesupport (6.1.3.1) lib/active_support/callbacks.rb:512:in `invoke_before'
activesupport (6.1.3.1) lib/active_support/callbacks.rb:105:in `run_callbacks'
actionpack (6.1.3.1) lib/abstract_controller/callbacks.rb:41:in `process_action'
actionpack (6.1.3.1) lib/action_controller/metal/rescue.rb:22:in `process_action'
actionpack (6.1.3.1) lib/action_controller/metal/instrumentation.rb:34:in `block in process_action'
activesupport (6.1.3.1) lib/active_support/notifications.rb:203:in `block in instrument'
activesupport (6.1.3.1) lib/active_support/notifications/instrumenter.rb:24:in `instrument'
activesupport (6.1.3.1) lib/active_support/notifications.rb:203:in `instrument'
actionpack (6.1.3.1) lib/action_controller/metal/instrumentation.rb:33:in `process_action'
actionpack (6.1.3.1) lib/action_controller/metal/params_wrapper.rb:249:in `process_action'
activerecord (6.1.3.1) lib/active_record/railties/controller_runtime.rb:27:in `process_action'
actionpack (6.1.3.1) lib/abstract_controller/base.rb:165:in `process'
actionpack (6.1.3.1) lib/action_controller/metal.rb:190:in `dispatch'
actionpack (6.1.3.1) lib/action_controller/metal.rb:254:in `dispatch'
actionpack (6.1.3.1) lib/action_dispatch/routing/route_set.rb:50:in `dispatch'
actionpack (6.1.3.1) lib/action_dispatch/routing/route_set.rb:33:in `serve'
actionpack (6.1.3.1) lib/action_dispatch/routing/mapper.rb:19:in `block in <class:Constraints>'
actionpack (6.1.3.1) lib/action_dispatch/routing/mapper.rb:49:in `serve'
actionpack (6.1.3.1) lib/action_dispatch/journey/router.rb:50:in `block in serve'
actionpack (6.1.3.1) lib/action_dispatch/journey/router.rb:32:in `each'
actionpack (6.1.3.1) lib/action_dispatch/journey/router.rb:32:in `serve'
actionpack (6.1.3.1) lib/action_dispatch/routing/route_set.rb:842:in `call'
warden-jwt_auth (0.5.0) lib/warden/jwt_auth/middleware/token_dispatcher.rb:20:in `call'
warden-jwt_auth (0.5.0) lib/warden/jwt_auth/middleware/revocation_manager.rb:21:in `call'
rack (2.2.3) lib/rack/builder.rb:244:in `call'
warden-jwt_auth (0.5.0) lib/warden/jwt_auth/middleware.rb:23:in `call'
warden (1.2.9) lib/warden/manager.rb:36:in `block in call'
warden (1.2.9) lib/warden/manager.rb:34:in `catch'
warden (1.2.9) lib/warden/manager.rb:34:in `call'
rack (2.2.3) lib/rack/etag.rb:27:in `call'
rack (2.2.3) lib/rack/conditional_get.rb:40:in `call'
rack (2.2.3) lib/rack/head.rb:12:in `call'
activerecord (6.1.3.1) lib/active_record/migration.rb:601:in `call'
actionpack (6.1.3.1) lib/action_dispatch/middleware/callbacks.rb:27:in `block in call'
activesupport (6.1.3.1) lib/active_support/callbacks.rb:98:in `run_callbacks'
actionpack (6.1.3.1) lib/action_dispatch/middleware/callbacks.rb:26:in `call'
actionpack (6.1.3.1) lib/action_dispatch/middleware/executor.rb:14:in `call'
actionpack (6.1.3.1) lib/action_dispatch/middleware/actionable_exceptions.rb:18:in `call'
actionpack (6.1.3.1) lib/action_dispatch/middleware/debug_exceptions.rb:29:in `call'
actionpack (6.1.3.1) lib/action_dispatch/middleware/show_exceptions.rb:33:in `call'
railties (6.1.3.1) lib/rails/rack/logger.rb:37:in `call_app'
railties (6.1.3.1) lib/rails/rack/logger.rb:26:in `block in call'
activesupport (6.1.3.1) lib/active_support/tagged_logging.rb:99:in `block in tagged'
activesupport (6.1.3.1) lib/active_support/tagged_logging.rb:37:in `tagged'
activesupport (6.1.3.1) lib/active_support/tagged_logging.rb:99:in `tagged'
railties (6.1.3.1) lib/rails/rack/logger.rb:26:in `call'
actionpack (6.1.3.1) lib/action_dispatch/middleware/remote_ip.rb:81:in `call'
actionpack (6.1.3.1) lib/action_dispatch/middleware/request_id.rb:26:in `call'
rack (2.2.3) lib/rack/runtime.rb:22:in `call'
activesupport (6.1.3.1) lib/active_support/cache/strategy/local_cache_middleware.rb:29:in `call'
actionpack (6.1.3.1) lib/action_dispatch/middleware/executor.rb:14:in `call'
actionpack (6.1.3.1) lib/action_dispatch/middleware/static.rb:24:in `call'
rack (2.2.3) lib/rack/sendfile.rb:110:in `call'
actionpack (6.1.3.1) lib/action_dispatch/middleware/host_authorization.rb:98:in `call'
railties (6.1.3.1) lib/rails/engine.rb:539:in `call'
puma (5.2.2) lib/puma/configuration.rb:248:in `call'
puma (5.2.2) lib/puma/request.rb:76:in `block in handle_request'
puma (5.2.2) lib/puma/thread_pool.rb:337:in `with_force_shutdown'
puma (5.2.2) lib/puma/request.rb:75:in `handle_request'
puma (5.2.2) lib/puma/server.rb:431:in `process_client'
puma (5.2.2) lib/puma/thread_pool.rb:145:in `block in spawn_thread'
Started POST "/signup" for ::1 at 2021-04-19 11:07:54 -0500
  [1m[35m (1.1ms)[0m  [1m[34mSELECT sqlite_version(*)[0m
  [1m[35m (0.3ms)[0m  [1m[34mSELECT "schema_migrations"."version" FROM "schema_migrations" ORDER BY "schema_migrations"."version" ASC[0m
Processing by RegistrationsController#create as */*
Completed 201 Created in 19ms (Views: 0.3ms | ActiveRecord: 2.0ms | Allocations: 9134)


Started POST "/signup" for ::1 at 2021-04-19 11:09:58 -0500
Processing by RegistrationsController#create as */*
Completed 400 Bad Request in 1ms (Allocations: 392)


  
ActionController::ParameterMissing (param is missing or the value is empty: user
Did you mean?  controller
               action):
  
app/controllers/registrations_controller.rb:11:in `sign_up_params'
app/controllers/registrations_controller.rb:5:in `create'
Started POST "/signup" for ::1 at 2021-04-19 11:12:19 -0500
  [1m[35m (0.8ms)[0m  [1m[34mSELECT sqlite_version(*)[0m
  [1m[35m (0.3ms)[0m  [1m[34mSELECT "schema_migrations"."version" FROM "schema_migrations" ORDER BY "schema_migrations"."version" ASC[0m
Processing by RegistrationsController#create as */*
Completed 400 Bad Request in 10ms (ActiveRecord: 0.0ms | Allocations: 3213)


  
ActionController::ParameterMissing (param is missing or the value is empty: user
Did you mean?  controller
               action):
  
app/controllers/registrations_controller.rb:11:in `sign_up_params'
app/controllers/registrations_controller.rb:5:in `create'
Started POST "/signup" for ::1 at 2021-04-19 11:18:02 -0500
Processing by RegistrationsController#create as */*
Completed 400 Bad Request in 1ms (ActiveRecord: 0.0ms | Allocations: 242)


  
ActionController::ParameterMissing (param is missing or the value is empty: user
Did you mean?  controller
               action):
  
app/controllers/registrations_controller.rb:11:in `sign_up_params'
app/controllers/registrations_controller.rb:5:in `create'
Started POST "/signup" for ::1 at 2021-04-19 11:18:44 -0500
Processing by RegistrationsController#create as */*
Completed 400 Bad Request in 1ms (Allocations: 236)


  
ActionController::ParameterMissing (param is missing or the value is empty: user
Did you mean?  controller
               action):
  
app/controllers/registrations_controller.rb:11:in `sign_up_params'
app/controllers/registrations_controller.rb:5:in `create'
Started POST "/signup" for ::1 at 2021-04-19 11:18:52 -0500
Processing by RegistrationsController#create as */*
Completed 400 Bad Request in 1ms (Allocations: 236)


  
ActionController::ParameterMissing (param is missing or the value is empty: user
Did you mean?  controller
               action):
  
app/controllers/registrations_controller.rb:11:in `sign_up_params'
app/controllers/registrations_controller.rb:5:in `create'
Started POST "/signup" for ::1 at 2021-04-19 11:19:57 -0500
Processing by RegistrationsController#create as */*
Completed 400 Bad Request in 1ms (Allocations: 236)


  
ActionController::ParameterMissing (param is missing or the value is empty: user
Did you mean?  controller
               action):
  
app/controllers/registrations_controller.rb:11:in `sign_up_params'
app/controllers/registrations_controller.rb:5:in `create'
Started POST "/signup" for ::1 at 2021-04-19 11:20:56 -0500
Processing by RegistrationsController#create as */*
  Parameters: {"user%0A"=>"hello"}
Completed 400 Bad Request in 1ms (Allocations: 236)


  
ActionController::ParameterMissing (param is missing or the value is empty: user
Did you mean?  user%0A
               controller
               action):
  
app/controllers/registrations_controller.rb:11:in `sign_up_params'
app/controllers/registrations_controller.rb:5:in `create'
Started POST "/signup" for ::1 at 2021-04-19 11:21:35 -0500
Processing by RegistrationsController#create as */*
  Parameters: {"'user'%0A"=>"'gaogo'"}
Completed 400 Bad Request in 1ms (Allocations: 236)


  
ActionController::ParameterMissing (param is missing or the value is empty: user
Did you mean?  'user'%0A
               controller
               action):
  
app/controllers/registrations_controller.rb:11:in `sign_up_params'
app/controllers/registrations_controller.rb:5:in `create'
Started POST "/signup" for ::1 at 2021-04-19 11:22:18 -0500
Processing by RegistrationsController#create as */*
  Parameters: {"user%0A"=>"gaogo"}
Completed 400 Bad Request in 1ms (Allocations: 236)


  
ActionController::ParameterMissing (param is missing or the value is empty: user
Did you mean?  user%0A
               controller
               action):
  
app/controllers/registrations_controller.rb:11:in `sign_up_params'
app/controllers/registrations_controller.rb:5:in `create'
Started POST "/signup" for ::1 at 2021-04-19 11:23:00 -0500
Processing by RegistrationsController#create as */*
  Parameters: {"------WebKitFormBoundarypK6dVEBQMrsTourR\r\nContent-Disposition: form-data; name"=>"\"usererw\n\"\r\n\r\ngaogo\r\n------WebKitFormBoundarypK6dVEBQMrsTourR--\r\n"}
Completed 400 Bad Request in 1ms (Allocations: 236)


  
ActionController::ParameterMissing (param is missing or the value is empty: user
Did you mean?  ------WebKitFormBoundarypK6dVEBQMrsTourR
Content-Disposition: form-data; name
               controller
               action):
  
app/controllers/registrations_controller.rb:11:in `sign_up_params'
app/controllers/registrations_controller.rb:5:in `create'
Started POST "/signup" for ::1 at 2021-04-19 11:23:27 -0500
Processing by RegistrationsController#create as */*
  Parameters: {"usererw%0A"=>"gaogo"}
Completed 400 Bad Request in 1ms (Allocations: 236)


  
ActionController::ParameterMissing (param is missing or the value is empty: user
Did you mean?  usererw%0A
               controller
               action):
  
app/controllers/registrations_controller.rb:11:in `sign_up_params'
app/controllers/registrations_controller.rb:5:in `create'
Started POST "/signup" for ::1 at 2021-04-19 11:23:49 -0500
Processing by RegistrationsController#create as */*
Completed 400 Bad Request in 1ms (Allocations: 233)


  
ActionController::ParameterMissing (param is missing or the value is empty: user
Did you mean?  controller
               action):
  
app/controllers/registrations_controller.rb:11:in `sign_up_params'
app/controllers/registrations_controller.rb:5:in `create'
Started POST "/signup" for ::1 at 2021-04-19 11:27:18 -0500
Processing by RegistrationsController#create as HTML
Completed 400 Bad Request in 1ms (Allocations: 233)


  
ActionController::ParameterMissing (param is missing or the value is empty: user
Did you mean?  controller
               action):
  
app/controllers/registrations_controller.rb:11:in `sign_up_params'
app/controllers/registrations_controller.rb:5:in `create'
Started POST "/signup" for ::1 at 2021-04-19 11:27:36 -0500
Error occurred while parsing request parameters.
Contents:

{
  'user': {
    'email': 'mail@mail.com',
    'password': '123123'
  }
}
  
ActionDispatch::Http::Parameters::ParseError (809: unexpected token at '{
  'user': {
    'email': 'mail@mail.com',
    'password': '123123'
  }
}'):
  
actionpack (6.1.3.1) lib/action_dispatch/http/parameters.rb:96:in `rescue in parse_formatted_parameters'
actionpack (6.1.3.1) lib/action_dispatch/http/parameters.rb:92:in `parse_formatted_parameters'
actionpack (6.1.3.1) lib/action_dispatch/http/request.rb:399:in `block in POST'
rack (2.2.3) lib/rack/request.rb:69:in `fetch'
rack (2.2.3) lib/rack/request.rb:69:in `fetch_header'
actionpack (6.1.3.1) lib/action_dispatch/http/request.rb:398:in `POST'
actionpack (6.1.3.1) lib/action_dispatch/http/parameters.rb:55:in `parameters'
actionpack (6.1.3.1) lib/action_controller/metal/params_wrapper.rb:284:in `_wrapper_enabled?'
actionpack (6.1.3.1) lib/action_controller/metal/params_wrapper.rb:248:in `process_action'
activerecord (6.1.3.1) lib/active_record/railties/controller_runtime.rb:27:in `process_action'
actionpack (6.1.3.1) lib/abstract_controller/base.rb:165:in `process'
actionpack (6.1.3.1) lib/action_controller/metal.rb:190:in `dispatch'
actionpack (6.1.3.1) lib/action_controller/metal.rb:254:in `dispatch'
actionpack (6.1.3.1) lib/action_dispatch/routing/route_set.rb:50:in `dispatch'
actionpack (6.1.3.1) lib/action_dispatch/routing/route_set.rb:33:in `serve'
actionpack (6.1.3.1) lib/action_dispatch/routing/mapper.rb:19:in `block in <class:Constraints>'
actionpack (6.1.3.1) lib/action_dispatch/routing/mapper.rb:49:in `serve'
actionpack (6.1.3.1) lib/action_dispatch/journey/router.rb:50:in `block in serve'
actionpack (6.1.3.1) lib/action_dispatch/journey/router.rb:32:in `each'
actionpack (6.1.3.1) lib/action_dispatch/journey/router.rb:32:in `serve'
actionpack (6.1.3.1) lib/action_dispatch/routing/route_set.rb:842:in `call'
warden-jwt_auth (0.5.0) lib/warden/jwt_auth/middleware/token_dispatcher.rb:20:in `call'
warden-jwt_auth (0.5.0) lib/warden/jwt_auth/middleware/revocation_manager.rb:21:in `call'
rack (2.2.3) lib/rack/builder.rb:244:in `call'
warden-jwt_auth (0.5.0) lib/warden/jwt_auth/middleware.rb:23:in `call'
warden (1.2.9) lib/warden/manager.rb:36:in `block in call'
warden (1.2.9) lib/warden/manager.rb:34:in `catch'
warden (1.2.9) lib/warden/manager.rb:34:in `call'
rack (2.2.3) lib/rack/etag.rb:27:in `call'
rack (2.2.3) lib/rack/conditional_get.rb:40:in `call'
rack (2.2.3) lib/rack/head.rb:12:in `call'
activerecord (6.1.3.1) lib/active_record/migration.rb:601:in `call'
actionpack (6.1.3.1) lib/action_dispatch/middleware/callbacks.rb:27:in `block in call'
activesupport (6.1.3.1) lib/active_support/callbacks.rb:98:in `run_callbacks'
actionpack (6.1.3.1) lib/action_dispatch/middleware/callbacks.rb:26:in `call'
actionpack (6.1.3.1) lib/action_dispatch/middleware/executor.rb:14:in `call'
actionpack (6.1.3.1) lib/action_dispatch/middleware/actionable_exceptions.rb:18:in `call'
actionpack (6.1.3.1) lib/action_dispatch/middleware/debug_exceptions.rb:29:in `call'
actionpack (6.1.3.1) lib/action_dispatch/middleware/show_exceptions.rb:33:in `call'
railties (6.1.3.1) lib/rails/rack/logger.rb:37:in `call_app'
railties (6.1.3.1) lib/rails/rack/logger.rb:26:in `block in call'
activesupport (6.1.3.1) lib/active_support/tagged_logging.rb:99:in `block in tagged'
activesupport (6.1.3.1) lib/active_support/tagged_logging.rb:37:in `tagged'
activesupport (6.1.3.1) lib/active_support/tagged_logging.rb:99:in `tagged'
railties (6.1.3.1) lib/rails/rack/logger.rb:26:in `call'
actionpack (6.1.3.1) lib/action_dispatch/middleware/remote_ip.rb:81:in `call'
actionpack (6.1.3.1) lib/action_dispatch/middleware/request_id.rb:26:in `call'
rack (2.2.3) lib/rack/runtime.rb:22:in `call'
activesupport (6.1.3.1) lib/active_support/cache/strategy/local_cache_middleware.rb:29:in `call'
actionpack (6.1.3.1) lib/action_dispatch/middleware/executor.rb:14:in `call'
actionpack (6.1.3.1) lib/action_dispatch/middleware/static.rb:24:in `call'
rack (2.2.3) lib/rack/sendfile.rb:110:in `call'
actionpack (6.1.3.1) lib/action_dispatch/middleware/host_authorization.rb:98:in `call'
railties (6.1.3.1) lib/rails/engine.rb:539:in `call'
puma (5.2.2) lib/puma/configuration.rb:248:in `call'
puma (5.2.2) lib/puma/request.rb:76:in `block in handle_request'
puma (5.2.2) lib/puma/thread_pool.rb:337:in `with_force_shutdown'
puma (5.2.2) lib/puma/request.rb:75:in `handle_request'
puma (5.2.2) lib/puma/server.rb:431:in `process_client'
puma (5.2.2) lib/puma/thread_pool.rb:145:in `block in spawn_thread'
Error occurred while parsing request parameters.
Contents:

{
  'user': {
    'email': 'mail@mail.com',
    'password': '123123'
  }
}
Started POST "/signup" for ::1 at 2021-04-19 11:28:36 -0500
Error occurred while parsing request parameters.
Contents:

"{
  'user': {
    'email': 'mail@mail.com',
    'password': '123123'
  }
}"
  
ActionDispatch::Http::Parameters::ParseError (809: unexpected token at '"{
  'user': {
    'email': 'mail@mail.com',
    'password': '123123'
  }
}"'):
  
actionpack (6.1.3.1) lib/action_dispatch/http/parameters.rb:96:in `rescue in parse_formatted_parameters'
actionpack (6.1.3.1) lib/action_dispatch/http/parameters.rb:92:in `parse_formatted_parameters'
actionpack (6.1.3.1) lib/action_dispatch/http/request.rb:399:in `block in POST'
rack (2.2.3) lib/rack/request.rb:69:in `fetch'
rack (2.2.3) lib/rack/request.rb:69:in `fetch_header'
actionpack (6.1.3.1) lib/action_dispatch/http/request.rb:398:in `POST'
actionpack (6.1.3.1) lib/action_dispatch/http/parameters.rb:55:in `parameters'
actionpack (6.1.3.1) lib/action_controller/metal/params_wrapper.rb:284:in `_wrapper_enabled?'
actionpack (6.1.3.1) lib/action_controller/metal/params_wrapper.rb:248:in `process_action'
activerecord (6.1.3.1) lib/active_record/railties/controller_runtime.rb:27:in `process_action'
actionpack (6.1.3.1) lib/abstract_controller/base.rb:165:in `process'
actionpack (6.1.3.1) lib/action_controller/metal.rb:190:in `dispatch'
actionpack (6.1.3.1) lib/action_controller/metal.rb:254:in `dispatch'
actionpack (6.1.3.1) lib/action_dispatch/routing/route_set.rb:50:in `dispatch'
actionpack (6.1.3.1) lib/action_dispatch/routing/route_set.rb:33:in `serve'
actionpack (6.1.3.1) lib/action_dispatch/routing/mapper.rb:19:in `block in <class:Constraints>'
actionpack (6.1.3.1) lib/action_dispatch/routing/mapper.rb:49:in `serve'
actionpack (6.1.3.1) lib/action_dispatch/journey/router.rb:50:in `block in serve'
actionpack (6.1.3.1) lib/action_dispatch/journey/router.rb:32:in `each'
actionpack (6.1.3.1) lib/action_dispatch/journey/router.rb:32:in `serve'
actionpack (6.1.3.1) lib/action_dispatch/routing/route_set.rb:842:in `call'
warden-jwt_auth (0.5.0) lib/warden/jwt_auth/middleware/token_dispatcher.rb:20:in `call'
warden-jwt_auth (0.5.0) lib/warden/jwt_auth/middleware/revocation_manager.rb:21:in `call'
rack (2.2.3) lib/rack/builder.rb:244:in `call'
warden-jwt_auth (0.5.0) lib/warden/jwt_auth/middleware.rb:23:in `call'
warden (1.2.9) lib/warden/manager.rb:36:in `block in call'
warden (1.2.9) lib/warden/manager.rb:34:in `catch'
warden (1.2.9) lib/warden/manager.rb:34:in `call'
rack (2.2.3) lib/rack/etag.rb:27:in `call'
rack (2.2.3) lib/rack/conditional_get.rb:40:in `call'
rack (2.2.3) lib/rack/head.rb:12:in `call'
activerecord (6.1.3.1) lib/active_record/migration.rb:601:in `call'
actionpack (6.1.3.1) lib/action_dispatch/middleware/callbacks.rb:27:in `block in call'
activesupport (6.1.3.1) lib/active_support/callbacks.rb:98:in `run_callbacks'
actionpack (6.1.3.1) lib/action_dispatch/middleware/callbacks.rb:26:in `call'
actionpack (6.1.3.1) lib/action_dispatch/middleware/executor.rb:14:in `call'
actionpack (6.1.3.1) lib/action_dispatch/middleware/actionable_exceptions.rb:18:in `call'
actionpack (6.1.3.1) lib/action_dispatch/middleware/debug_exceptions.rb:29:in `call'
actionpack (6.1.3.1) lib/action_dispatch/middleware/show_exceptions.rb:33:in `call'
railties (6.1.3.1) lib/rails/rack/logger.rb:37:in `call_app'
railties (6.1.3.1) lib/rails/rack/logger.rb:26:in `block in call'
activesupport (6.1.3.1) lib/active_support/tagged_logging.rb:99:in `block in tagged'
activesupport (6.1.3.1) lib/active_support/tagged_logging.rb:37:in `tagged'
activesupport (6.1.3.1) lib/active_support/tagged_logging.rb:99:in `tagged'
railties (6.1.3.1) lib/rails/rack/logger.rb:26:in `call'
actionpack (6.1.3.1) lib/action_dispatch/middleware/remote_ip.rb:81:in `call'
actionpack (6.1.3.1) lib/action_dispatch/middleware/request_id.rb:26:in `call'
rack (2.2.3) lib/rack/runtime.rb:22:in `call'
activesupport (6.1.3.1) lib/active_support/cache/strategy/local_cache_middleware.rb:29:in `call'
actionpack (6.1.3.1) lib/action_dispatch/middleware/executor.rb:14:in `call'
actionpack (6.1.3.1) lib/action_dispatch/middleware/static.rb:24:in `call'
rack (2.2.3) lib/rack/sendfile.rb:110:in `call'
actionpack (6.1.3.1) lib/action_dispatch/middleware/host_authorization.rb:98:in `call'
railties (6.1.3.1) lib/rails/engine.rb:539:in `call'
puma (5.2.2) lib/puma/configuration.rb:248:in `call'
puma (5.2.2) lib/puma/request.rb:76:in `block in handle_request'
puma (5.2.2) lib/puma/thread_pool.rb:337:in `with_force_shutdown'
puma (5.2.2) lib/puma/request.rb:75:in `handle_request'
puma (5.2.2) lib/puma/server.rb:431:in `process_client'
puma (5.2.2) lib/puma/thread_pool.rb:145:in `block in spawn_thread'
Error occurred while parsing request parameters.
Contents:

"{
  'user': {
    'email': 'mail@mail.com',
    'password': '123123'
  }
}"
Started POST "/signup" for ::1 at 2021-04-19 11:29:42 -0500
Processing by RegistrationsController#create as HTML
  Parameters: {"user"=>{"email"=>"hello", "password"=>"[FILTERED]"}, "registration"=>{"user"=>{"email"=>"hello", "password"=>"[FILTERED]"}}}
Completed 204 No Content in 1ms (Allocations: 232)


Started POST "/signup" for ::1 at 2021-04-19 11:30:11 -0500
Processing by RegistrationsController#create as HTML
  Parameters: {"user"=>{"email"=>"hello", "password"=>"[FILTERED]"}, "registration"=>{"user"=>{"email"=>"hello", "password"=>"[FILTERED]"}}}
  [1m[35m (0.1ms)[0m  [1m[34mSELECT sqlite_version(*)[0m
  ↳ app/controllers/registrations_controller.rb:6:in `create'
  [1m[36mTRANSACTION (0.1ms)[0m  [1m[36mbegin transaction[0m
  ↳ app/controllers/registrations_controller.rb:7:in `create'
  [1m[36mUser Exists? (4.6ms)[0m  [1m[34mSELECT 1 AS one FROM "users" WHERE "users"."email" = ? LIMIT ?[0m  [["email", "hello"], ["LIMIT", 1]]
  ↳ app/controllers/registrations_controller.rb:7:in `create'
  [1m[36mTRANSACTION (0.1ms)[0m  [1m[31mrollback transaction[0m
  ↳ app/controllers/registrations_controller.rb:7:in `create'
Completed 201 Created in 319ms (Views: 0.5ms | ActiveRecord: 6.7ms | Allocations: 9953)


Started POST "/signup" for ::1 at 2021-04-19 11:31:06 -0500
  [1m[35m (0.9ms)[0m  [1m[34mSELECT sqlite_version(*)[0m
  [1m[35m (0.3ms)[0m  [1m[34mSELECT "schema_migrations"."version" FROM "schema_migrations" ORDER BY "schema_migrations"."version" ASC[0m
Processing by RegistrationsController#create as HTML
  Parameters: {"user"=>{"email"=>"hello", "password"=>"[FILTERED]"}, "registration"=>{"user"=>{"email"=>"hello", "password"=>"[FILTERED]"}}}
  [1m[36mTRANSACTION (0.1ms)[0m  [1m[36mbegin transaction[0m
  ↳ app/controllers/registrations_controller.rb:7:in `create'
  [1m[36mUser Exists? (0.5ms)[0m  [1m[34mSELECT 1 AS one FROM "users" WHERE "users"."email" = ? LIMIT ?[0m  [["email", "hello"], ["LIMIT", 1]]
  ↳ app/controllers/registrations_controller.rb:7:in `create'
  [1m[36mTRANSACTION (0.1ms)[0m  [1m[31mrollback transaction[0m
  ↳ app/controllers/registrations_controller.rb:7:in `create'
Completed 422 Unprocessable Entity in 363ms (ActiveRecord: 2.3ms | Allocations: 16738)


  
ActiveRecord::RecordInvalid (Validation failed: Email is invalid):
  
app/controllers/registrations_controller.rb:7:in `create'
Started POST "/signup" for ::1 at 2021-04-19 11:31:27 -0500
Processing by RegistrationsController#create as HTML
  Parameters: {"user"=>{"email"=>"hello@mail.com", "password"=>"[FILTERED]"}, "registration"=>{"user"=>{"email"=>"hello@mail.com", "password"=>"[FILTERED]"}}}
  [1m[36mTRANSACTION (0.1ms)[0m  [1m[36mbegin transaction[0m
  ↳ app/controllers/registrations_controller.rb:7:in `create'
  [1m[36mUser Exists? (0.4ms)[0m  [1m[34mSELECT 1 AS one FROM "users" WHERE "users"."email" = ? LIMIT ?[0m  [["email", "hello@mail.com"], ["LIMIT", 1]]
  ↳ app/controllers/registrations_controller.rb:7:in `create'
  [1m[36mUser Create (3.2ms)[0m  [1m[32mINSERT INTO "users" ("email", "encrypted_password", "created_at", "updated_at", "jti") VALUES (?, ?, ?, ?, ?)[0m  [["email", "hello@mail.com"], ["encrypted_password", "$2a$12$MBiQB3/ip5F29LgOjOj/5.i0aEB3dmER8wsFFwlno9hQXq.w8raRO"], ["created_at", "2021-04-19 16:31:27.280968"], ["updated_at", "2021-04-19 16:31:27.280968"], ["jti", "1e898118-21ee-43d7-a4ce-b9592995872e"]]
  ↳ app/controllers/registrations_controller.rb:7:in `create'
  [1m[36mTRANSACTION (23.0ms)[0m  [1m[36mcommit transaction[0m
  ↳ app/controllers/registrations_controller.rb:7:in `create'
Completed 201 Created in 269ms (Views: 0.6ms | ActiveRecord: 26.6ms | Allocations: 3817)


Started POST "/signup" for ::1 at 2021-04-19 11:35:09 -0500
  [1m[35m (0.8ms)[0m  [1m[34mSELECT sqlite_version(*)[0m
  [1m[35m (0.2ms)[0m  [1m[34mSELECT "schema_migrations"."version" FROM "schema_migrations" ORDER BY "schema_migrations"."version" ASC[0m
Processing by RegistrationsController#create as HTML
  Parameters: {"user"=>{"email"=>"hello@mail.com", "password"=>"[FILTERED]"}, "registration"=>{"user"=>{"email"=>"hello@mail.com", "password"=>"[FILTERED]"}}}
  [1m[36mTRANSACTION (0.1ms)[0m  [1m[36mbegin transaction[0m
  ↳ app/controllers/registrations_controller.rb:7:in `create'
  [1m[36mUser Exists? (0.5ms)[0m  [1m[34mSELECT 1 AS one FROM "users" WHERE "users"."email" = ? LIMIT ?[0m  [["email", "hello@mail.com"], ["LIMIT", 1]]
  ↳ app/controllers/registrations_controller.rb:7:in `create'
  [1m[36mTRANSACTION (0.1ms)[0m  [1m[31mrollback transaction[0m
  ↳ app/controllers/registrations_controller.rb:7:in `create'
Completed 422 Unprocessable Entity in 319ms (ActiveRecord: 1.9ms | Allocations: 14967)


  
ActiveRecord::RecordInvalid (Validation failed: Email has already been taken):
  
app/controllers/registrations_controller.rb:7:in `create'
Started POST "/signup" for ::1 at 2021-04-19 11:35:19 -0500
Processing by RegistrationsController#create as HTML
  Parameters: {"user"=>{"email"=>"helslo@mail.com", "password"=>"[FILTERED]"}, "registration"=>{"user"=>{"email"=>"helslo@mail.com", "password"=>"[FILTERED]"}}}
  [1m[36mTRANSACTION (0.1ms)[0m  [1m[36mbegin transaction[0m
  ↳ app/controllers/registrations_controller.rb:7:in `create'
  [1m[36mUser Exists? (0.4ms)[0m  [1m[34mSELECT 1 AS one FROM "users" WHERE "users"."email" = ? LIMIT ?[0m  [["email", "helslo@mail.com"], ["LIMIT", 1]]
  ↳ app/controllers/registrations_controller.rb:7:in `create'
  [1m[36mUser Create (1.2ms)[0m  [1m[32mINSERT INTO "users" ("email", "encrypted_password", "created_at", "updated_at", "jti") VALUES (?, ?, ?, ?, ?)[0m  [["email", "helslo@mail.com"], ["encrypted_password", "$2a$12$wc.HWoDxalKkqKMMBrxAseTd3pWBpmY0UA5xjwgbBx.gjiZ38fDaS"], ["created_at", "2021-04-19 16:35:19.958444"], ["updated_at", "2021-04-19 16:35:19.958444"], ["jti", "dd37fd71-f39d-428f-bb16-eaac9ea02d49"]]
  ↳ app/controllers/registrations_controller.rb:7:in `create'
  [1m[36mTRANSACTION (26.2ms)[0m  [1m[36mcommit transaction[0m
  ↳ app/controllers/registrations_controller.rb:7:in `create'
Completed 201 Created in 270ms (Views: 0.8ms | ActiveRecord: 27.9ms | Allocations: 3828)


Started POST "/signup" for ::1 at 2021-04-19 11:46:12 -0500
  [1m[35m (0.8ms)[0m  [1m[34mSELECT sqlite_version(*)[0m
  [1m[35m (0.3ms)[0m  [1m[34mSELECT "schema_migrations"."version" FROM "schema_migrations" ORDER BY "schema_migrations"."version" ASC[0m
Processing by RegistrationsController#create as HTML
  Parameters: {"user"=>{"email"=>"helslo@mail.com", "password"=>"[FILTERED]"}, "registration"=>{"user"=>{"email"=>"helslo@mail.com", "password"=>"[FILTERED]"}}}
  [1m[36mTRANSACTION (0.1ms)[0m  [1m[36mbegin transaction[0m
  ↳ app/controllers/registrations_controller.rb:7:in `create'
  [1m[36mUser Exists? (0.4ms)[0m  [1m[34mSELECT 1 AS one FROM "users" WHERE "users"."email" = ? LIMIT ?[0m  [["email", "helslo@mail.com"], ["LIMIT", 1]]
  ↳ app/controllers/registrations_controller.rb:7:in `create'
  [1m[36mTRANSACTION (0.1ms)[0m  [1m[31mrollback transaction[0m
  ↳ app/controllers/registrations_controller.rb:7:in `create'
Completed 422 Unprocessable Entity in 288ms (ActiveRecord: 2.3ms | Allocations: 15520)


  
ActiveRecord::RecordInvalid (Validation failed: Email has already been taken):
  
app/controllers/registrations_controller.rb:7:in `create'
Started POST "/signup" for ::1 at 2021-04-19 11:46:22 -0500
Processing by RegistrationsController#create as HTML
  Parameters: {"user"=>{"email"=>"heldsfslo@mail.com", "password"=>"[FILTERED]"}, "registration"=>{"user"=>{"email"=>"heldsfslo@mail.com", "password"=>"[FILTERED]"}}}
  [1m[36mTRANSACTION (0.1ms)[0m  [1m[36mbegin transaction[0m
  ↳ app/controllers/registrations_controller.rb:7:in `create'
  [1m[36mUser Exists? (0.5ms)[0m  [1m[34mSELECT 1 AS one FROM "users" WHERE "users"."email" = ? LIMIT ?[0m  [["email", "heldsfslo@mail.com"], ["LIMIT", 1]]
  ↳ app/controllers/registrations_controller.rb:7:in `create'
  [1m[36mUser Create (1.6ms)[0m  [1m[32mINSERT INTO "users" ("email", "encrypted_password", "created_at", "updated_at", "jti") VALUES (?, ?, ?, ?, ?)[0m  [["email", "heldsfslo@mail.com"], ["encrypted_password", "$2a$12$uuc/MzYr7wvyA1O7ih7IzOeMUJK1.OERUwxyFgDE39vypJeXo1wQS"], ["created_at", "2021-04-19 16:46:22.386395"], ["updated_at", "2021-04-19 16:46:22.386395"], ["jti", "d19e2cc2-c979-4f10-86a4-733e47ef36ae"]]
  ↳ app/controllers/registrations_controller.rb:7:in `create'
  [1m[36mTRANSACTION (23.6ms)[0m  [1m[36mcommit transaction[0m
  ↳ app/controllers/registrations_controller.rb:7:in `create'
Completed 201 Created in 273ms (Views: 1.2ms | ActiveRecord: 25.7ms | Allocations: 3870)


Started POST "/signup" for ::1 at 2021-04-19 11:54:36 -0500
  [1m[35m (0.7ms)[0m  [1m[34mSELECT sqlite_version(*)[0m
  [1m[35m (0.3ms)[0m  [1m[34mSELECT "schema_migrations"."version" FROM "schema_migrations" ORDER BY "schema_migrations"."version" ASC[0m
Processing by RegistrationsController#create as HTML
  Parameters: {"user"=>{"email"=>"heldsfslo@mail.com", "password"=>"[FILTERED]"}, "registration"=>{"user"=>{"email"=>"heldsfslo@mail.com", "password"=>"[FILTERED]"}}}
  [1m[36mTRANSACTION (0.1ms)[0m  [1m[36mbegin transaction[0m
  ↳ app/controllers/registrations_controller.rb:5:in `create'
  [1m[36mUser Exists? (0.7ms)[0m  [1m[34mSELECT 1 AS one FROM "users" WHERE "users"."email" = ? LIMIT ?[0m  [["email", "heldsfslo@mail.com"], ["LIMIT", 1]]
  ↳ app/controllers/registrations_controller.rb:5:in `create'
  [1m[36mTRANSACTION (0.3ms)[0m  [1m[31mrollback transaction[0m
  ↳ app/controllers/registrations_controller.rb:5:in `create'
Completed 422 Unprocessable Entity in 274ms (ActiveRecord: 2.2ms | Allocations: 14904)


  
ActiveRecord::RecordInvalid (Validation failed: Email has already been taken):
  
app/controllers/registrations_controller.rb:5:in `create'
Started POST "/login" for ::1 at 2021-04-19 11:55:22 -0500
  
SyntaxError (/home/oscar/tutor_api/app/controllers/sessions_controller.rb:8: syntax error, unexpected ':', expecting `end'
    head: no_content
        ^
):
  
app/controllers/sessions_controller.rb:8: syntax error, unexpected ':', expecting `end'
app/controllers/sessions_controller.rb:8: syntax error, unexpected ':', expecting `end'
Started POST "/login" for ::1 at 2021-04-19 11:56:03 -0500
Processing by SessionsController#create as HTML
  Parameters: {"user"=>{"email"=>"heldsfslo@mail.com", "password"=>"[FILTERED]"}, "session"=>{"user"=>{"email"=>"heldsfslo@mail.com", "password"=>"[FILTERED]"}}}
  [1m[35m (0.1ms)[0m  [1m[34mSELECT sqlite_version(*)[0m
  [1m[36mUser Load (0.6ms)[0m  [1m[34mSELECT "users".* FROM "users" WHERE "users"."email" = ? ORDER BY "users"."id" ASC LIMIT ?[0m  [["email", "heldsfslo@mail.com"], ["LIMIT", 1]]
Completed 200 OK in 267ms (Views: 0.2ms | ActiveRecord: 2.3ms | Allocations: 7677)


Started POST "/login" for ::1 at 2021-04-19 12:08:18 -0500
  [1m[35m (0.8ms)[0m  [1m[34mSELECT sqlite_version(*)[0m
  [1m[35m (0.2ms)[0m  [1m[34mSELECT "schema_migrations"."version" FROM "schema_migrations" ORDER BY "schema_migrations"."version" ASC[0m
  [1m[35mCACHE  (0.0ms)[0m  [1m[34mSELECT "schema_migrations"."version" FROM "schema_migrations" ORDER BY "schema_migrations"."version" ASC[0m
  
ActiveRecord::PendingMigrationError (

Migrations are pending. To resolve this issue, run:

        bin/rails db:migrate RAILS_ENV=development

You have 1 pending migration:

20210419170255_create_appointments.rb


):
  
activerecord (6.1.3.1) lib/active_record/migration.rb:625:in `check_pending!'
activerecord (6.1.3.1) lib/active_record/migration.rb:590:in `block (2 levels) in call'
activesupport (6.1.3.1) lib/active_support/evented_file_update_checker.rb:59:in `execute'
activerecord (6.1.3.1) lib/active_record/migration.rb:595:in `block in call'
activerecord (6.1.3.1) lib/active_record/migration.rb:587:in `synchronize'
activerecord (6.1.3.1) lib/active_record/migration.rb:587:in `call'
actionpack (6.1.3.1) lib/action_dispatch/middleware/callbacks.rb:27:in `block in call'
activesupport (6.1.3.1) lib/active_support/callbacks.rb:98:in `run_callbacks'
actionpack (6.1.3.1) lib/action_dispatch/middleware/callbacks.rb:26:in `call'
actionpack (6.1.3.1) lib/action_dispatch/middleware/executor.rb:14:in `call'
actionpack (6.1.3.1) lib/action_dispatch/middleware/actionable_exceptions.rb:18:in `call'
actionpack (6.1.3.1) lib/action_dispatch/middleware/debug_exceptions.rb:29:in `call'
actionpack (6.1.3.1) lib/action_dispatch/middleware/show_exceptions.rb:33:in `call'
railties (6.1.3.1) lib/rails/rack/logger.rb:37:in `call_app'
railties (6.1.3.1) lib/rails/rack/logger.rb:26:in `block in call'
activesupport (6.1.3.1) lib/active_support/tagged_logging.rb:99:in `block in tagged'
activesupport (6.1.3.1) lib/active_support/tagged_logging.rb:37:in `tagged'
activesupport (6.1.3.1) lib/active_support/tagged_logging.rb:99:in `tagged'
railties (6.1.3.1) lib/rails/rack/logger.rb:26:in `call'
actionpack (6.1.3.1) lib/action_dispatch/middleware/remote_ip.rb:81:in `call'
actionpack (6.1.3.1) lib/action_dispatch/middleware/request_id.rb:26:in `call'
rack (2.2.3) lib/rack/runtime.rb:22:in `call'
activesupport (6.1.3.1) lib/active_support/cache/strategy/local_cache_middleware.rb:29:in `call'
actionpack (6.1.3.1) lib/action_dispatch/middleware/executor.rb:14:in `call'
actionpack (6.1.3.1) lib/action_dispatch/middleware/static.rb:24:in `call'
rack (2.2.3) lib/rack/sendfile.rb:110:in `call'
actionpack (6.1.3.1) lib/action_dispatch/middleware/host_authorization.rb:98:in `call'
railties (6.1.3.1) lib/rails/engine.rb:539:in `call'
puma (5.2.2) lib/puma/configuration.rb:248:in `call'
puma (5.2.2) lib/puma/request.rb:76:in `block in handle_request'
puma (5.2.2) lib/puma/thread_pool.rb:337:in `with_force_shutdown'
puma (5.2.2) lib/puma/request.rb:75:in `handle_request'
puma (5.2.2) lib/puma/server.rb:431:in `process_client'
puma (5.2.2) lib/puma/thread_pool.rb:145:in `block in spawn_thread'
  [1m[35m (1.4ms)[0m  [1m[34mSELECT sqlite_version(*)[0m
  [1m[35m (0.2ms)[0m  [1m[34mSELECT "schema_migrations"."version" FROM "schema_migrations" ORDER BY "schema_migrations"."version" ASC[0m
Migrating to CreateAppointments (20210419170255)
  [1m[36mTRANSACTION (0.1ms)[0m  [1m[36mbegin transaction[0m
  [1m[35m (3.0ms)[0m  [1m[35mCREATE TABLE "appointments" ("id" integer PRIMARY KEY AUTOINCREMENT NOT NULL, "subject" text, "city" text, "date" date, "created_at" datetime(6) NOT NULL, "updated_at" datetime(6) NOT NULL)[0m
  [1m[36mActiveRecord::SchemaMigration Create (1.1ms)[0m  [1m[32mINSERT INTO "schema_migrations" ("version") VALUES (?)[0m  [["version", "20210419170255"]]
  [1m[36mTRANSACTION (3.1ms)[0m  [1m[36mcommit transaction[0m
  [1m[36mActiveRecord::InternalMetadata Load (1.0ms)[0m  [1m[34mSELECT "ar_internal_metadata".* FROM "ar_internal_metadata" WHERE "ar_internal_metadata"."key" = ? LIMIT ?[0m  [["key", "environment"], ["LIMIT", 1]]
  [1m[35m (0.1ms)[0m  [1m[34mSELECT sqlite_version(*)[0m
  [1m[35m (0.2ms)[0m  [1m[34mSELECT "schema_migrations"."version" FROM "schema_migrations" ORDER BY "schema_migrations"."version" ASC[0m
Started POST "/login" for ::1 at 2021-04-19 12:08:51 -0500
  [1m[35m (0.8ms)[0m  [1m[34mSELECT sqlite_version(*)[0m
  [1m[35m (0.2ms)[0m  [1m[34mSELECT "schema_migrations"."version" FROM "schema_migrations" ORDER BY "schema_migrations"."version" ASC[0m
Processing by SessionsController#create as HTML
  Parameters: {"user"=>{"email"=>"heldsfslo@mail.com", "password"=>"[FILTERED]"}, "session"=>{"user"=>{"email"=>"heldsfslo@mail.com", "password"=>"[FILTERED]"}}}
  [1m[36mUser Load (0.4ms)[0m  [1m[34mSELECT "users".* FROM "users" WHERE "users"."email" = ? ORDER BY "users"."id" ASC LIMIT ?[0m  [["email", "heldsfslo@mail.com"], ["LIMIT", 1]]
Completed 401 Unauthorized in 268ms (ActiveRecord: 1.1ms | Allocations: 10246)


Processing by SessionsController#new as HTML
  Parameters: {"user"=>{"email"=>"heldsfslo@mail.com", "password"=>"[FILTERED]"}, "session"=>{"user"=>{"email"=>"heldsfslo@mail.com", "password"=>"[FILTERED]"}}}
Completed 200 OK in 244ms (Views: 0.1ms | ActiveRecord: 0.0ms | Allocations: 725)


Started POST "/login" for ::1 at 2021-04-19 12:09:19 -0500
Processing by SessionsController#create as HTML
  Parameters: {"user"=>{"email"=>"heldsfslo@mail.com", "password"=>"[FILTERED]"}, "session"=>{"user"=>{"email"=>"heldsfslo@mail.com", "password"=>"[FILTERED]"}}}
  [1m[36mUser Load (0.8ms)[0m  [1m[34mSELECT "users".* FROM "users" WHERE "users"."email" = ? ORDER BY "users"."id" ASC LIMIT ?[0m  [["email", "heldsfslo@mail.com"], ["LIMIT", 1]]
Completed 200 OK in 244ms (Views: 0.1ms | ActiveRecord: 0.8ms | Allocations: 1637)


Started POST "/appointment/new" for ::1 at 2021-04-19 12:20:26 -0500
  
ActionController::RoutingError (No route matches [POST] "/appointment/new"):
  
Started PUT "/appointment/new" for ::1 at 2021-04-19 12:20:42 -0500
  
ActionController::RoutingError (No route matches [PUT] "/appointment/new"):
  
Started PUT "/appointments" for ::1 at 2021-04-19 12:22:01 -0500
  [1m[35m (0.7ms)[0m  [1m[34mSELECT sqlite_version(*)[0m
  [1m[35m (0.3ms)[0m  [1m[34mSELECT "schema_migrations"."version" FROM "schema_migrations" ORDER BY "schema_migrations"."version" ASC[0m
  
ActionController::RoutingError (No route matches [PUT] "/appointments"):
  
Started POST "/appointments" for ::1 at 2021-04-19 12:22:23 -0500
Processing by AppointmentsController#create as HTML
  Parameters: {"appointment"=>{"email"=>"heldsfslo@mail.com", "password"=>"[FILTERED]"}}
Completed 401 Unauthorized in 4ms (ActiveRecord: 0.0ms | Allocations: 707)


Started POST "/appointments" for ::1 at 2021-04-19 12:23:20 -0500
Processing by AppointmentsController#create as HTML
  Parameters: {"appointment"=>{"email"=>"heldsfslo@mail.com", "password"=>"[FILTERED]"}}
Completed 401 Unauthorized in 0ms (ActiveRecord: 0.0ms | Allocations: 91)


Started POST "/appointments" for ::1 at 2021-04-19 12:26:19 -0500
Processing by AppointmentsController#create as HTML
  Parameters: {"appointment"=>{"email"=>"heldsfslo@mail.com", "password"=>"[FILTERED]"}}
Completed 401 Unauthorized in 0ms (ActiveRecord: 0.0ms | Allocations: 89)


Started POST "/appointments" for ::1 at 2021-04-19 12:27:11 -0500
Processing by AppointmentsController#create as HTML
  Parameters: {"appointment"=>{"email"=>"heldsfslo@mail.com", "password"=>"[FILTERED]"}}
Completed 401 Unauthorized in 0ms (ActiveRecord: 0.0ms | Allocations: 88)


Started POST "/login" for ::1 at 2021-04-19 12:27:30 -0500
Processing by SessionsController#create as HTML
  Parameters: {"user"=>{"email"=>"heldsfslo@mail.com", "password"=>"[FILTERED]"}, "session"=>{"user"=>{"email"=>"heldsfslo@mail.com", "password"=>"[FILTERED]"}}}
  [1m[36mUser Load (0.3ms)[0m  [1m[34mSELECT "users".* FROM "users" WHERE "users"."email" = ? ORDER BY "users"."id" ASC LIMIT ?[0m  [["email", "heldsfslo@mail.com"], ["LIMIT", 1]]
Completed 200 OK in 257ms (Views: 0.2ms | ActiveRecord: 1.3ms | Allocations: 8096)


Started POST "/appointments" for ::1 at 2021-04-19 12:28:11 -0500
Processing by AppointmentsController#create as HTML
  Parameters: {"user"=>{"email"=>"heldsfslo@mail.com", "password"=>"[FILTERED]"}, "appointment"=>{}}
Completed 401 Unauthorized in 0ms (ActiveRecord: 0.5ms | Allocations: 86)


Started POST "/appointments" for ::1 at 2021-04-19 12:28:33 -0500
Processing by AppointmentsController#create as HTML
  Parameters: {"user"=>{"email"=>"heldsfslo@mail.com", "password"=>"[FILTERED]"}, "appointment"=>{}}
Completed 401 Unauthorized in 1ms (ActiveRecord: 0.0ms | Allocations: 86)


Started POST "/appointments" for ::1 at 2021-04-19 12:39:53 -0500
  [1m[35m (0.1ms)[0m  [1m[34mSELECT sqlite_version(*)[0m
Processing by AppointmentsController#create as HTML
  Parameters: {"user"=>{"email"=>"heldsfslo@mail.com", "password"=>"[FILTERED]"}, "appointment"=>{}}
Completed 400 Bad Request in 1ms (ActiveRecord: 0.4ms | Allocations: 279)


  
ActionController::ParameterMissing (param is missing or the value is empty: appointment
Did you mean?  appointment
               action
               controller
               user):
  
app/controllers/appointments_controller.rb:49:in `appointment_params'
app/controllers/appointments_controller.rb:18:in `create'
Started POST "/appointments" for ::1 at 2021-04-19 12:40:13 -0500
Processing by AppointmentsController#create as HTML
  Parameters: {"user"=>{"email"=>"heldsfslo@mail.com", "password"=>"[FILTERED]"}, "appointment"=>{}}
Completed 400 Bad Request in 1ms (ActiveRecord: 0.0ms | Allocations: 164)


  
ActionController::ParameterMissing (param is missing or the value is empty: appointment
Did you mean?  appointment
               action
               controller
               user):
  
app/controllers/appointments_controller.rb:49:in `appointment_params'
app/controllers/appointments_controller.rb:18:in `create'
Started POST "/appointments" for ::1 at 2021-04-19 12:42:06 -0500
  [1m[35m (0.1ms)[0m  [1m[34mSELECT sqlite_version(*)[0m
Processing by AppointmentsController#create as HTML
  Parameters: {"user"=>{"email"=>"heldsfslo@mail.com", "password"=>"[FILTERED]"}, "appointment"=>{}}
Completed 400 Bad Request in 0ms (ActiveRecord: 1.0ms | Allocations: 226)


  
ActionController::ParameterMissing (param is missing or the value is empty: appointment
Did you mean?  appointment
               action
               controller
               user):
  
app/controllers/appointments_controller.rb:49:in `appointment_params'
app/controllers/appointments_controller.rb:18:in `create'
Started POST "/appointments" for ::1 at 2021-04-19 12:47:38 -0500
  [1m[35m (0.8ms)[0m  [1m[34mSELECT sqlite_version(*)[0m
  [1m[35m (0.2ms)[0m  [1m[34mSELECT "schema_migrations"."version" FROM "schema_migrations" ORDER BY "schema_migrations"."version" ASC[0m
Processing by AppointmentsController#create as HTML
  Parameters: {"user"=>{"email"=>"heldsfslo@mail.com", "password"=>"[FILTERED]"}, "appointment"=>{}}
Completed 500 Internal Server Error in 9ms (ActiveRecord: 0.8ms | Allocations: 2224)


  
NoMethodError (undefined method `authenticate_or_request_with_http_token' for #<AppointmentsController:0x000000000069a0>):
  
app/controllers/application_controller.rb:5:in `authenticate_user'
Started POST "/appointments" for ::1 at 2021-04-19 12:52:39 -0500
  
NameError (uninitialized constant ActionController::BASE
Did you mean?  ActionController::Base):
  
app/controllers/application_controller.rb:1:in `<main>'
app/controllers/appointments_controller.rb:1:in `<main>'
Started POST "/appointments" for ::1 at 2021-04-19 12:53:01 -0500
  [1m[35m (0.1ms)[0m  [1m[34mSELECT sqlite_version(*)[0m
Processing by AppointmentsController#create as HTML
  Parameters: {"user"=>{"email"=>"heldsfslo@mail.com", "password"=>"[FILTERED]"}, "appointment"=>{}}
Can't verify CSRF token authenticity.
Completed 422 Unprocessable Entity in 1ms (ActiveRecord: 0.9ms | Allocations: 290)


  
ActionController::InvalidAuthenticityToken (ActionController::InvalidAuthenticityToken):
  
actionpack (6.1.3.1) lib/action_controller/metal/request_forgery_protection.rb:211:in `handle_unverified_request'
actionpack (6.1.3.1) lib/action_controller/metal/request_forgery_protection.rb:243:in `handle_unverified_request'
devise (4.7.3) lib/devise/controllers/helpers.rb:255:in `handle_unverified_request'
actionpack (6.1.3.1) lib/action_controller/metal/request_forgery_protection.rb:238:in `verify_authenticity_token'
activesupport (6.1.3.1) lib/active_support/callbacks.rb:427:in `block in make_lambda'
activesupport (6.1.3.1) lib/active_support/callbacks.rb:198:in `block (2 levels) in halting'
actionpack (6.1.3.1) lib/abstract_controller/callbacks.rb:34:in `block (2 levels) in <module:Callbacks>'
activesupport (6.1.3.1) lib/active_support/callbacks.rb:199:in `block in halting'
activesupport (6.1.3.1) lib/active_support/callbacks.rb:512:in `block in invoke_before'
activesupport (6.1.3.1) lib/active_support/callbacks.rb:512:in `each'
activesupport (6.1.3.1) lib/active_support/callbacks.rb:512:in `invoke_before'
activesupport (6.1.3.1) lib/active_support/callbacks.rb:115:in `block in run_callbacks'
activesupport (6.1.3.1) lib/active_support/callbacks.rb:137:in `run_callbacks'
actionpack (6.1.3.1) lib/abstract_controller/callbacks.rb:41:in `process_action'
actionpack (6.1.3.1) lib/action_controller/metal/rescue.rb:22:in `process_action'
actionpack (6.1.3.1) lib/action_controller/metal/instrumentation.rb:34:in `block in process_action'
activesupport (6.1.3.1) lib/active_support/notifications.rb:203:in `block in instrument'
activesupport (6.1.3.1) lib/active_support/notifications/instrumenter.rb:24:in `instrument'
activesupport (6.1.3.1) lib/active_support/notifications.rb:203:in `instrument'
actionpack (6.1.3.1) lib/action_controller/metal/instrumentation.rb:33:in `process_action'
actionpack (6.1.3.1) lib/action_controller/metal/params_wrapper.rb:249:in `process_action'
activerecord (6.1.3.1) lib/active_record/railties/controller_runtime.rb:27:in `process_action'
actionpack (6.1.3.1) lib/abstract_controller/base.rb:165:in `process'
actionview (6.1.3.1) lib/action_view/rendering.rb:39:in `process'
actionpack (6.1.3.1) lib/action_controller/metal.rb:190:in `dispatch'
actionpack (6.1.3.1) lib/action_controller/metal.rb:254:in `dispatch'
actionpack (6.1.3.1) lib/action_dispatch/routing/route_set.rb:50:in `dispatch'
actionpack (6.1.3.1) lib/action_dispatch/routing/route_set.rb:33:in `serve'
actionpack (6.1.3.1) lib/action_dispatch/journey/router.rb:50:in `block in serve'
actionpack (6.1.3.1) lib/action_dispatch/journey/router.rb:32:in `each'
actionpack (6.1.3.1) lib/action_dispatch/journey/router.rb:32:in `serve'
actionpack (6.1.3.1) lib/action_dispatch/routing/route_set.rb:842:in `call'
warden-jwt_auth (0.5.0) lib/warden/jwt_auth/middleware/token_dispatcher.rb:20:in `call'
warden-jwt_auth (0.5.0) lib/warden/jwt_auth/middleware/revocation_manager.rb:21:in `call'
rack (2.2.3) lib/rack/builder.rb:244:in `call'
warden-jwt_auth (0.5.0) lib/warden/jwt_auth/middleware.rb:23:in `call'
warden (1.2.9) lib/warden/manager.rb:36:in `block in call'
warden (1.2.9) lib/warden/manager.rb:34:in `catch'
warden (1.2.9) lib/warden/manager.rb:34:in `call'
rack (2.2.3) lib/rack/etag.rb:27:in `call'
rack (2.2.3) lib/rack/conditional_get.rb:40:in `call'
rack (2.2.3) lib/rack/head.rb:12:in `call'
activerecord (6.1.3.1) lib/active_record/migration.rb:601:in `call'
actionpack (6.1.3.1) lib/action_dispatch/middleware/callbacks.rb:27:in `block in call'
activesupport (6.1.3.1) lib/active_support/callbacks.rb:98:in `run_callbacks'
actionpack (6.1.3.1) lib/action_dispatch/middleware/callbacks.rb:26:in `call'
actionpack (6.1.3.1) lib/action_dispatch/middleware/executor.rb:14:in `call'
actionpack (6.1.3.1) lib/action_dispatch/middleware/actionable_exceptions.rb:18:in `call'
actionpack (6.1.3.1) lib/action_dispatch/middleware/debug_exceptions.rb:29:in `call'
actionpack (6.1.3.1) lib/action_dispatch/middleware/show_exceptions.rb:33:in `call'
railties (6.1.3.1) lib/rails/rack/logger.rb:37:in `call_app'
railties (6.1.3.1) lib/rails/rack/logger.rb:26:in `block in call'
activesupport (6.1.3.1) lib/active_support/tagged_logging.rb:99:in `block in tagged'
activesupport (6.1.3.1) lib/active_support/tagged_logging.rb:37:in `tagged'
activesupport (6.1.3.1) lib/active_support/tagged_logging.rb:99:in `tagged'
railties (6.1.3.1) lib/rails/rack/logger.rb:26:in `call'
actionpack (6.1.3.1) lib/action_dispatch/middleware/remote_ip.rb:81:in `call'
actionpack (6.1.3.1) lib/action_dispatch/middleware/request_id.rb:26:in `call'
rack (2.2.3) lib/rack/runtime.rb:22:in `call'
activesupport (6.1.3.1) lib/active_support/cache/strategy/local_cache_middleware.rb:29:in `call'
actionpack (6.1.3.1) lib/action_dispatch/middleware/executor.rb:14:in `call'
actionpack (6.1.3.1) lib/action_dispatch/middleware/static.rb:24:in `call'
rack (2.2.3) lib/rack/sendfile.rb:110:in `call'
actionpack (6.1.3.1) lib/action_dispatch/middleware/host_authorization.rb:98:in `call'
railties (6.1.3.1) lib/rails/engine.rb:539:in `call'
puma (5.2.2) lib/puma/configuration.rb:248:in `call'
puma (5.2.2) lib/puma/request.rb:76:in `block in handle_request'
puma (5.2.2) lib/puma/thread_pool.rb:337:in `with_force_shutdown'
puma (5.2.2) lib/puma/request.rb:75:in `handle_request'
puma (5.2.2) lib/puma/server.rb:431:in `process_client'
puma (5.2.2) lib/puma/thread_pool.rb:145:in `block in spawn_thread'
Started POST "/appointments" for ::1 at 2021-04-19 12:53:33 -0500
  [1m[35m (0.1ms)[0m  [1m[34mSELECT sqlite_version(*)[0m
Processing by AppointmentsController#create as HTML
  Parameters: {"user"=>{"email"=>"heldsfslo@mail.com", "password"=>"[FILTERED]"}, "appointment"=>{}}
  Rendering text template
  Rendered text template (Duration: 0.0ms | Allocations: 4)
Filter chain halted as :authenticate_user rendered or redirected
Completed 401 Unauthorized in 226ms (Views: 61.0ms | ActiveRecord: 1.1ms | Allocations: 2122)


Started POST "/appointments" for ::1 at 2021-04-19 12:54:19 -0500
Processing by AppointmentsController#create as HTML
  Parameters: {"user"=>{"email"=>"heldsfslo@mail.com", "password"=>"[FILTERED]"}, "appointment"=>{}}
  Rendering text template
  Rendered text template (Duration: 0.0ms | Allocations: 2)
Filter chain halted as :authenticate_user rendered or redirected
Completed 401 Unauthorized in 1ms (Views: 0.6ms | ActiveRecord: 0.0ms | Allocations: 238)


Started POST "/appointments" for ::1 at 2021-04-19 12:54:30 -0500
Processing by AppointmentsController#create as HTML
  Parameters: {"user"=>{"email"=>"heldsfslo@mail.com", "password"=>"[FILTERED]"}, "appointment"=>{}}
Filter chain halted as :authenticate_user rendered or redirected
Completed 401 Unauthorized in 1ms (ActiveRecord: 0.0ms | Allocations: 257)


Started POST "/appointments" for ::1 at 2021-04-19 12:55:53 -0500
  [1m[35m (0.1ms)[0m  [1m[34mSELECT sqlite_version(*)[0m
Processing by AppointmentsController#create as HTML
  Parameters: {"user"=>{"email"=>"heldsfslo@mail.com", "password"=>"[FILTERED]"}, "appointment"=>{}}
Filter chain halted as :authenticate_user rendered or redirected
Completed 401 Unauthorized in 1ms (ActiveRecord: 1.2ms | Allocations: 272)


Started POST "/appointments" for ::1 at 2021-04-19 12:56:11 -0500
Processing by AppointmentsController#create as HTML
  Parameters: {"user"=>{"email"=>"heldsfslo@mail.com", "password"=>"[FILTERED]"}, "appointment"=>{}}
Filter chain halted as :authenticate_user rendered or redirected
Completed 401 Unauthorized in 1ms (ActiveRecord: 0.0ms | Allocations: 172)


Started POST "/appointments" for ::1 at 2021-04-19 12:56:20 -0500
Processing by AppointmentsController#create as HTML
  Parameters: {"user"=>{"email"=>"heldsfslo@mail.com", "password"=>"[FILTERED]"}, "appointment"=>{}}
Filter chain halted as :authenticate_user rendered or redirected
Completed 401 Unauthorized in 1ms (ActiveRecord: 0.0ms | Allocations: 207)


Started POST "/login" for ::1 at 2021-04-19 12:56:45 -0500
Processing by SessionsController#create as HTML
  Parameters: {"user"=>{"email"=>"heldsfslo@mail.com", "password"=>"[FILTERED]"}, "session"=>{"user"=>{"email"=>"heldsfslo@mail.com", "password"=>"[FILTERED]"}}}
Filter chain halted as :authenticate_user rendered or redirected
Completed 401 Unauthorized in 3ms (Allocations: 478)


Started POST "/login" for ::1 at 2021-04-19 12:57:13 -0500
Processing by SessionsController#create as HTML
  Parameters: {"user"=>{"email"=>"heldsfslo@mail.com", "password"=>"[FILTERED]"}, "session"=>{"user"=>{"email"=>"heldsfslo@mail.com", "password"=>"[FILTERED]"}}}
Filter chain halted as :authenticate_user rendered or redirected
Completed 401 Unauthorized in 1ms (Allocations: 405)


Started POST "/login" for ::1 at 2021-04-19 12:57:32 -0500
Processing by SessionsController#create as HTML
  Parameters: {"user"=>{"email"=>"heldsfslo@mail.com", "password"=>"[FILTERED]"}, "session"=>{"user"=>{"email"=>"heldsfslo@mail.com", "password"=>"[FILTERED]"}}}
  [1m[35m (0.1ms)[0m  [1m[34mSELECT sqlite_version(*)[0m
  [1m[36mUser Load (0.6ms)[0m  [1m[34mSELECT "users".* FROM "users" WHERE "users"."id" = ? LIMIT ?[0m  [["id", 3], ["LIMIT", 1]]
Redirected to http://localhost:3000/
Completed 302 Found in 21ms (ActiveRecord: 2.9ms | Allocations: 9886)


Started POST "/appointments" for ::1 at 2021-04-19 12:58:17 -0500
  [1m[35m (0.1ms)[0m  [1m[34mSELECT sqlite_version(*)[0m
Processing by AppointmentsController#create as HTML
  Parameters: {"user"=>{"email"=>"heldsfslo@mail.com", "password"=>"[FILTERED]"}, "appointment"=>{}}
Filter chain halted as :authenticate_user rendered or redirected
Completed 401 Unauthorized in 1ms (ActiveRecord: 1.0ms | Allocations: 270)


Started POST "/appointments" for ::1 at 2021-04-19 13:00:31 -0500
  [1m[35m (0.0ms)[0m  [1m[34mSELECT sqlite_version(*)[0m
Processing by AppointmentsController#create as HTML
  Parameters: {"user"=>{"email"=>"heldsfslo@mail.com", "password"=>"[FILTERED]"}, "appointment"=>{}}
  Rendering text template
  Rendered text template (Duration: 0.0ms | Allocations: 1)
Filter chain halted as :authenticate_user rendered or redirected
Completed 401 Unauthorized in 2ms (Views: 1.3ms | ActiveRecord: 1.0ms | Allocations: 622)


Started POST "/appointments" for ::1 at 2021-04-19 13:02:06 -0500
  [1m[35m (0.7ms)[0m  [1m[34mSELECT sqlite_version(*)[0m
  [1m[35m (0.2ms)[0m  [1m[34mSELECT "schema_migrations"."version" FROM "schema_migrations" ORDER BY "schema_migrations"."version" ASC[0m
Processing by AppointmentsController#create as HTML
  Parameters: {"user"=>{"email"=>"heldsfslo@mail.com", "password"=>"[FILTERED]"}, "appointment"=>{}}
Filter chain halted as :authenticate_user rendered or redirected
Completed 401 Unauthorized in 25ms (ActiveRecord: 0.5ms | Allocations: 1195)


Started POST "/appointments" for ::1 at 2021-04-19 13:02:23 -0500
  [1m[35m (0.1ms)[0m  [1m[34mSELECT sqlite_version(*)[0m
Processing by AppointmentsController#create as HTML
  Parameters: {"user"=>{"email"=>"heldsfslo@mail.com", "password"=>"[FILTERED]"}, "appointment"=>{}}
Filter chain halted as :authenticate_user rendered or redirected
Completed 401 Unauthorized in 0ms (ActiveRecord: 1.2ms | Allocations: 239)


Started POST "/appointments" for ::1 at 2021-04-19 13:02:38 -0500
  [1m[35m (0.1ms)[0m  [1m[34mSELECT sqlite_version(*)[0m
Processing by AppointmentsController#create as HTML
  Parameters: {"user"=>{"email"=>"heldsfslo@mail.com", "password"=>"[FILTERED]"}, "appointment"=>{}}
Completed 500 Internal Server Error in 0ms (ActiveRecord: 1.1ms | Allocations: 274)


  
JWT::DecodeError (No verification key available):
  
app/controllers/application_controller.rb:8:in `block in authenticate_user'
app/controllers/application_controller.rb:6:in `authenticate_user'
Started POST "/appointments" for ::1 at 2021-04-19 13:05:47 -0500
  [1m[35m (0.1ms)[0m  [1m[34mSELECT sqlite_version(*)[0m
Processing by AppointmentsController#create as HTML
  Parameters: {"user"=>{"email"=>"heldsfslo@mail.com", "password"=>"[FILTERED]"}, "appointment"=>{}}
Completed 500 Internal Server Error in 2ms (ActiveRecord: 1.0ms | Allocations: 720)


  
NoMethodError (undefined method `secret_key_base' for nil:NilClass):
  
app/controllers/application_controller.rb:8:in `block in authenticate_user'
app/controllers/application_controller.rb:6:in `authenticate_user'
Started POST "/appointments" for ::1 at 2021-04-19 13:06:09 -0500
  [1m[35m (0.1ms)[0m  [1m[34mSELECT sqlite_version(*)[0m
Processing by AppointmentsController#create as HTML
  Parameters: {"user"=>{"email"=>"heldsfslo@mail.com", "password"=>"[FILTERED]"}, "appointment"=>{}}
Completed 500 Internal Server Error in 1ms (ActiveRecord: 1.2ms | Allocations: 314)


  
JWT::VerificationError (Signature verification raised):
  
app/controllers/application_controller.rb:8:in `block in authenticate_user'
app/controllers/application_controller.rb:6:in `authenticate_user'
Started POST "/appointments" for ::1 at 2021-04-19 13:06:28 -0500
  [1m[35m (0.0ms)[0m  [1m[34mSELECT sqlite_version(*)[0m
Processing by AppointmentsController#create as HTML
  Parameters: {"user"=>{"email"=>"heldsfslo@mail.com", "password"=>"[FILTERED]"}, "appointment"=>{}}
Completed 500 Internal Server Error in 0ms (ActiveRecord: 0.9ms | Allocations: 265)


  
JWT::DecodeError (No verification key available):
  
app/controllers/application_controller.rb:8:in `block in authenticate_user'
app/controllers/application_controller.rb:6:in `authenticate_user'
Started POST "/appointments" for ::1 at 2021-04-19 13:07:34 -0500
  [1m[35m (0.1ms)[0m  [1m[34mSELECT sqlite_version(*)[0m
Processing by AppointmentsController#create as HTML
  Parameters: {"user"=>{"email"=>"heldsfslo@mail.com", "password"=>"[FILTERED]"}, "appointment"=>{}}
Filter chain halted as :authenticate_user rendered or redirected
Completed 401 Unauthorized in 1ms (ActiveRecord: 0.8ms | Allocations: 372)


Started POST "/appointments" for ::1 at 2021-04-19 13:07:52 -0500
  [1m[35m (0.1ms)[0m  [1m[34mSELECT sqlite_version(*)[0m
Processing by AppointmentsController#create as HTML
  Parameters: {"user"=>{"email"=>"heldsfslo@mail.com", "password"=>"[FILTERED]"}, "appointment"=>{}}
  Rendering text template
  Rendered text template (Duration: 0.0ms | Allocations: 3)
Filter chain halted as :authenticate_user rendered or redirected
Completed 401 Unauthorized in 10ms (Views: 9.3ms | ActiveRecord: 1.0ms | Allocations: 937)


Started POST "/appointments" for ::1 at 2021-04-19 13:09:58 -0500
  [1m[35m (0.1ms)[0m  [1m[34mSELECT sqlite_version(*)[0m
Processing by AppointmentsController#create as HTML
  Parameters: {"user"=>{"id"=>"heldsfslo@mail.com", "password"=>"[FILTERED]"}, "appointment"=>{}}
  Rendering text template
  Rendered text template (Duration: 0.0ms | Allocations: 1)
Filter chain halted as :authenticate_user rendered or redirected
Completed 401 Unauthorized in 2ms (Views: 1.2ms | ActiveRecord: 1.1ms | Allocations: 749)


Started POST "/appointments" for ::1 at 2021-04-19 13:10:46 -0500
  [1m[35m (0.1ms)[0m  [1m[34mSELECT sqlite_version(*)[0m
Processing by AppointmentsController#create as HTML
  Parameters: {"user"=>{"id"=>"heldsfslo@mail.com", "password"=>"[FILTERED]"}, "appointment"=>{}}
Completed 400 Bad Request in 1ms (ActiveRecord: 1.2ms | Allocations: 583)


  
ActionController::ParameterMissing (param is missing or the value is empty: appointment
Did you mean?  appointment
               action
               controller
               user):
  
app/controllers/appointments_controller.rb:50:in `appointment_params'
app/controllers/appointments_controller.rb:19:in `create'
Started POST "/appointments" for ::1 at 2021-04-19 13:12:34 -0500
Processing by AppointmentsController#create as HTML
  Parameters: {"appointment"=>{"subject"=>"ES6", "city"=>"Matamoros", "date"=>"0"}}
  [1m[35m (0.1ms)[0m  [1m[34mSELECT sqlite_version(*)[0m
  ↳ app/controllers/appointments_controller.rb:19:in `create'
  [1m[36mTRANSACTION (0.1ms)[0m  [1m[36mbegin transaction[0m
  ↳ app/controllers/appointments_controller.rb:21:in `create'
  [1m[36mAppointment Create (2.5ms)[0m  [1m[32mINSERT INTO "appointments" ("subject", "city", "created_at", "updated_at") VALUES (?, ?, ?, ?)[0m  [["subject", "ES6"], ["city", "Matamoros"], ["created_at", "2021-04-19 18:12:34.200700"], ["updated_at", "2021-04-19 18:12:34.200700"]]
  ↳ app/controllers/appointments_controller.rb:21:in `create'
  [1m[36mTRANSACTION (5.7ms)[0m  [1m[36mcommit transaction[0m
  ↳ app/controllers/appointments_controller.rb:21:in `create'
Completed 201 Created in 25ms (Views: 1.0ms | ActiveRecord: 10.0ms | Allocations: 7478)


Started POST "/appointments" for ::1 at 2021-04-19 13:12:54 -0500
Processing by AppointmentsController#create as HTML
  Parameters: {"appointment"=>{"subject"=>"ES6", "city"=>"Matamoros", "date"=>"0"}}
Filter chain halted as :authenticate_user rendered or redirected
Completed 401 Unauthorized in 1ms (ActiveRecord: 0.0ms | Allocations: 170)


Started GET "/appointments" for ::1 at 2021-04-19 20:02:07 -0500
  [1m[35m (19.0ms)[0m  [1m[34mSELECT sqlite_version(*)[0m
  [1m[35m (0.3ms)[0m  [1m[34mSELECT "schema_migrations"."version" FROM "schema_migrations" ORDER BY "schema_migrations"."version" ASC[0m
Processing by AppointmentsController#index as HTML
  Parameters: {"appointment"=>{}}
  [1m[36mAppointment Load (0.3ms)[0m  [1m[34mSELECT "appointments".* FROM "appointments"[0m
  ↳ app/controllers/appointments_controller.rb:9:in `index'
Completed 200 OK in 53ms (Views: 6.8ms | ActiveRecord: 1.5ms | Allocations: 5321)


Started POST "/appointments" for ::1 at 2021-04-19 20:02:31 -0500
Processing by AppointmentsController#create as HTML
  Parameters: {"appointment"=>{"subject"=>"ES6", "city"=>"Matamoros2", "date"=>"0"}}
  [1m[36mTRANSACTION (0.1ms)[0m  [1m[36mbegin transaction[0m
  ↳ app/controllers/appointments_controller.rb:21:in `create'
  [1m[36mAppointment Create (1.2ms)[0m  [1m[32mINSERT INTO "appointments" ("subject", "city", "created_at", "updated_at") VALUES (?, ?, ?, ?)[0m  [["subject", "ES6"], ["city", "Matamoros2"], ["created_at", "2021-04-20 01:02:31.016191"], ["updated_at", "2021-04-20 01:02:31.016191"]]
  ↳ app/controllers/appointments_controller.rb:21:in `create'
  [1m[36mTRANSACTION (6.8ms)[0m  [1m[36mcommit transaction[0m
  ↳ app/controllers/appointments_controller.rb:21:in `create'
Completed 201 Created in 40ms (Views: 0.9ms | ActiveRecord: 8.0ms | Allocations: 3597)


Started GET "/appointments" for ::1 at 2021-04-19 20:02:41 -0500
Processing by AppointmentsController#index as HTML
  Parameters: {"appointment"=>{}}
  [1m[36mAppointment Load (0.3ms)[0m  [1m[34mSELECT "appointments".* FROM "appointments"[0m
  ↳ app/controllers/appointments_controller.rb:9:in `index'
Completed 200 OK in 3ms (Views: 2.0ms | ActiveRecord: 0.3ms | Allocations: 1062)


Started POST "/appointments" for ::1 at 2021-06-03 14:45:24 -0500
  [1m[35m (31.3ms)[0m  [1m[34mSELECT sqlite_version(*)[0m
  [1m[35m (0.3ms)[0m  [1m[34mSELECT "schema_migrations"."version" FROM "schema_migrations" ORDER BY "schema_migrations"."version" ASC[0m
Processing by AppointmentsController#create as HTML
  Parameters: {"user"=>{"email"=>"oscar@mail.com", "password"=>"[FILTERED]"}, "appointment"=>{}}
Filter chain halted as :authenticate_user rendered or redirected
Completed 401 Unauthorized in 77ms (ActiveRecord: 0.5ms | Allocations: 1274)


Started POST "/signup" for ::1 at 2021-06-03 14:47:59 -0500
Processing by RegistrationsController#create as HTML
  Parameters: {"user"=>{"email"=>"oscar@mail.com", "password"=>"[FILTERED]"}, "registration"=>{"user"=>{"email"=>"oscar@mail.com", "password"=>"[FILTERED]"}}}
  [1m[36mTRANSACTION (0.2ms)[0m  [1m[36mbegin transaction[0m
  ↳ app/controllers/registrations_controller.rb:5:in `create'
  [1m[36mUser Exists? (0.7ms)[0m  [1m[34mSELECT 1 AS one FROM "users" WHERE "users"."email" = ? LIMIT ?[0m  [["email", "oscar@mail.com"], ["LIMIT", 1]]
  ↳ app/controllers/registrations_controller.rb:5:in `create'
  [1m[36mUser Create (2.9ms)[0m  [1m[32mINSERT INTO "users" ("email", "encrypted_password", "created_at", "updated_at", "jti") VALUES (?, ?, ?, ?, ?)[0m  [["email", "oscar@mail.com"], ["encrypted_password", "$2a$12$ggj7Iw4Ji4FEn.H4.ItqQe5CXaurTIOHCmbr07KYnxxC.R678N9.C"], ["created_at", "2021-06-03 19:47:59.867148"], ["updated_at", "2021-06-03 19:47:59.867148"], ["jti", "59ee43bd-8840-4f0f-a80c-92c0ff5b27ca"]]
  ↳ app/controllers/registrations_controller.rb:5:in `create'
  [1m[36mTRANSACTION (18.0ms)[0m  [1m[36mcommit transaction[0m
  ↳ app/controllers/registrations_controller.rb:5:in `create'
Completed 201 Created in 458ms (Views: 2.3ms | ActiveRecord: 22.8ms | Allocations: 10756)


Started POST "/login" for ::1 at 2021-06-03 14:48:50 -0500
Processing by SessionsController#create as HTML
  Parameters: {"user"=>{"email"=>"oscar@mail.com", "password"=>"[FILTERED]"}, "session"=>{"user"=>{"email"=>"oscar@mail.com", "password"=>"[FILTERED]"}}}
  [1m[36mUser Load (0.4ms)[0m  [1m[34mSELECT "users".* FROM "users" WHERE "users"."email" = ? ORDER BY "users"."id" ASC LIMIT ?[0m  [["email", "oscar@mail.com"], ["LIMIT", 1]]
Redirected to http://localhost:3002/
Completed 302 Found in 359ms (ActiveRecord: 0.4ms | Allocations: 4699)


Started PUT "/signup" for ::1 at 2021-06-03 15:40:15 -0500
  [1m[35m (5.0ms)[0m  [1m[34mSELECT sqlite_version(*)[0m
  [1m[35m (0.7ms)[0m  [1m[34mSELECT "schema_migrations"."version" FROM "schema_migrations" ORDER BY "schema_migrations"."version" ASC[0m
  
ActionController::RoutingError (No route matches [PUT] "/signup"):
  
Started PUT "/signup" for 127.0.0.1 at 2021-06-03 15:43:48 -0500
  
ActionController::RoutingError (No route matches [PUT] "/signup"):
  
Started POST "/signup" for 127.0.0.1 at 2021-06-03 15:45:00 -0500
Processing by RegistrationsController#create as */*
  Parameters: {"user"=>{"user"=>"oscar2@mail.com", "password"=>"[FILTERED]"}, "registration"=>{"user"=>{"user"=>"oscar2@mail.com", "password"=>"[FILTERED]"}}}
[31mUnpermitted parameter: :user[0m
Completed 422 Unprocessable Entity in 645ms (ActiveRecord: 10.9ms | Allocations: 10808)


  
ActiveRecord::RecordInvalid (Validation failed: Email can't be blank):
  
app/controllers/registrations_controller.rb:5:in `create'
Started POST "/signup" for 127.0.0.1 at 2021-06-03 15:46:38 -0500
Processing by RegistrationsController#create as */*
  Parameters: {"user"=>{"user"=>"oscar2@mail.com", "password"=>"[FILTERED]"}, "registration"=>{"user"=>{"user"=>"oscar2@mail.com", "password"=>"[FILTERED]"}}}
[31mUnpermitted parameter: :user[0m
Completed 422 Unprocessable Entity in 243ms (ActiveRecord: 0.0ms | Allocations: 920)


  
ActiveRecord::RecordInvalid (Validation failed: Email can't be blank):
  
app/controllers/registrations_controller.rb:5:in `create'
Started POST "/signup" for 127.0.0.1 at 2021-06-03 15:47:37 -0500
Processing by RegistrationsController#create as */*
  Parameters: {"user"=>{"email"=>"oscar2@mail.com", "password"=>"[FILTERED]"}, "registration"=>{"user"=>{"email"=>"oscar2@mail.com", "password"=>"[FILTERED]"}}}
  [1m[36mTRANSACTION (0.1ms)[0m  [1m[36mbegin transaction[0m
  ↳ app/controllers/registrations_controller.rb:5:in `create'
  [1m[36mUser Exists? (1.9ms)[0m  [1m[34mSELECT 1 AS one FROM "users" WHERE "users"."email" = ? LIMIT ?[0m  [["email", "oscar2@mail.com"], ["LIMIT", 1]]
  ↳ app/controllers/registrations_controller.rb:5:in `create'
  [1m[36mUser Create (6.0ms)[0m  [1m[32mINSERT INTO "users" ("email", "encrypted_password", "created_at", "updated_at", "jti") VALUES (?, ?, ?, ?, ?)[0m  [["email", "oscar2@mail.com"], ["encrypted_password", "$2a$12$gFfVAuiCaqkPHo7zvG9CDOk31zz/kzo2QE94SnoVn87RTOH4vhc2y"], ["created_at", "2021-06-03 20:47:37.329456"], ["updated_at", "2021-06-03 20:47:37.329456"], ["jti", "9e2e3a67-5054-4002-b931-7db4ca978394"]]
  ↳ app/controllers/registrations_controller.rb:5:in `create'
  [1m[36mTRANSACTION (6.5ms)[0m  [1m[36mcommit transaction[0m
  ↳ app/controllers/registrations_controller.rb:5:in `create'
Completed 201 Created in 289ms (Views: 0.8ms | ActiveRecord: 14.4ms | Allocations: 5582)


